<?xml version="1.0" encoding="UTF-8"?>
<testng-results ignored="0" total="2" passed="2" failed="0" skipped="0">
  <reporter-output>
    <line>
      <![CDATA[Application Opened]]>
    </line>
    <line>
      <![CDATA[Application Opened]]>
    </line>
  </reporter-output>
  <suite started-at="2023-08-26T15:31:28 IST" name="Suite1" finished-at="2023-08-26T15:31:47 IST" duration-ms="19467">
    <groups>
    </groups>
    <test started-at="2023-08-26T15:31:28 IST" name="Nopackage" finished-at="2023-08-26T15:31:47 IST" duration-ms="19467">
      <class name="info.hrms.testscripts.TC002">
        <test-method signature="tc002()[pri:0, instance:info.hrms.testscripts.TC002@4145bad8]" started-at="2023-08-26T15:31:38 IST" name="tc002" finished-at="2023-08-26T15:31:47 IST" duration-ms="9231" status="PASS">
          <reporter-output>
            <line>
              <![CDATA[Application Opened]]>
            </line>
          </reporter-output>
        </test-method> <!-- tc002 -->
      </class> <!-- info.hrms.testscripts.TC002 -->
      <class name="info.hrms.testscripts.TC001">
        <test-method signature="tc001()[pri:0, instance:info.hrms.testscripts.TC001@38cee291]" started-at="2023-08-26T15:31:28 IST" name="tc001" finished-at="2023-08-26T15:31:38 IST" duration-ms="10144" status="PASS">
          <reporter-output>
            <line>
              <![CDATA[Application Opened]]>
            </line>
          </reporter-output>
        </test-method> <!-- tc001 -->
      </class> <!-- info.hrms.testscripts.TC001 -->
    </test> <!-- Nopackage -->
  </suite> <!-- Suite1 -->
</testng-results>
